0 info it worked if it ends with ok
1 verbose cli [ '/usr/local/bin/node',
1 verbose cli   '/usr/local/bin/npm',
1 verbose cli   'install',
1 verbose cli   'http-server',
1 verbose cli   '-g' ]
2 info using npm@3.8.3
3 info using node@v5.10.0
4 silly loadCurrentTree Starting
5 silly install loadCurrentTree
6 silly install readGlobalPackageData
7 silly fetchPackageMetaData http-server
8 silly fetchNamedPackageData http-server
9 silly mapToRegistry name http-server
10 silly mapToRegistry using default registry
11 silly mapToRegistry registry https://registry.npmjs.org/
12 silly mapToRegistry data Result {
12 silly mapToRegistry   raw: 'http-server',
12 silly mapToRegistry   scope: null,
12 silly mapToRegistry   name: 'http-server',
12 silly mapToRegistry   rawSpec: '',
12 silly mapToRegistry   spec: 'latest',
12 silly mapToRegistry   type: 'tag' }
13 silly mapToRegistry uri https://registry.npmjs.org/http-server
14 verbose request uri https://registry.npmjs.org/http-server
15 verbose request no auth needed
16 info attempt registry request try #1 at 1:34:18 AM
17 verbose request id 2e77cfd672da867e
18 verbose etag "8XP54YZN327SC9EO5JSU9KRH0"
19 http request GET https://registry.npmjs.org/http-server
20 http 304 https://registry.npmjs.org/http-server
21 verbose headers { date: 'Wed, 13 Jul 2016 04:34:18 GMT',
21 verbose headers   via: '1.1 varnish',
21 verbose headers   'cache-control': 'max-age=300',
21 verbose headers   etag: '"8XP54YZN327SC9EO5JSU9KRH0"',
21 verbose headers   age: '10',
21 verbose headers   connection: 'keep-alive',
21 verbose headers   'x-served-by': 'cache-gru7125-GRU',
21 verbose headers   'x-cache': 'HIT',
21 verbose headers   'x-cache-hits': '1',
21 verbose headers   'x-timer': 'S1468384458.704358,VS0,VE0',
21 verbose headers   vary: 'Accept-Encoding' }
22 silly get cb [ 304,
22 silly get   { date: 'Wed, 13 Jul 2016 04:34:18 GMT',
22 silly get     via: '1.1 varnish',
22 silly get     'cache-control': 'max-age=300',
22 silly get     etag: '"8XP54YZN327SC9EO5JSU9KRH0"',
22 silly get     age: '10',
22 silly get     connection: 'keep-alive',
22 silly get     'x-served-by': 'cache-gru7125-GRU',
22 silly get     'x-cache': 'HIT',
22 silly get     'x-cache-hits': '1',
22 silly get     'x-timer': 'S1468384458.704358,VS0,VE0',
22 silly get     vary: 'Accept-Encoding' } ]
23 verbose etag https://registry.npmjs.org/http-server from cache
24 verbose get saving http-server to /home/marcos/.npm/registry.npmjs.org/http-server/.cache.json
25 verbose correctMkdir /home/marcos/.npm correctMkdir not in flight; initializing
26 silly install normalizeTree
27 silly loadCurrentTree Finishing
28 silly loadIdealTree Starting
29 silly install loadIdealTree
30 silly cloneCurrentTree Starting
31 silly install cloneCurrentTreeToIdealTree
32 silly cloneCurrentTree Finishing
33 silly loadShrinkwrap Starting
34 silly install loadShrinkwrap
35 silly loadShrinkwrap Finishing
36 silly loadAllDepsIntoIdealTree Starting
37 silly install loadAllDepsIntoIdealTree
38 silly resolveWithNewModule http-server@0.9.0 checking installable status
39 silly cache add args [ 'http-server', null ]
40 verbose cache add spec http-server
41 silly cache add parsed spec Result {
41 silly cache add   raw: 'http-server',
41 silly cache add   scope: null,
41 silly cache add   name: 'http-server',
41 silly cache add   rawSpec: '',
41 silly cache add   spec: 'latest',
41 silly cache add   type: 'tag' }
42 silly addNamed http-server@latest
43 verbose addNamed "latest" is being treated as a dist-tag for http-server
44 info addNameTag [ 'http-server', 'latest' ]
45 silly mapToRegistry name http-server
46 silly mapToRegistry using default registry
47 silly mapToRegistry registry https://registry.npmjs.org/
48 silly mapToRegistry data Result {
48 silly mapToRegistry   raw: 'http-server',
48 silly mapToRegistry   scope: null,
48 silly mapToRegistry   name: 'http-server',
48 silly mapToRegistry   rawSpec: '',
48 silly mapToRegistry   spec: 'latest',
48 silly mapToRegistry   type: 'tag' }
49 silly mapToRegistry uri https://registry.npmjs.org/http-server
50 verbose addNameTag registry:https://registry.npmjs.org/http-server not in flight; fetching
51 verbose get https://registry.npmjs.org/http-server not expired, no request
52 silly addNameTag next cb for http-server with tag latest
53 silly addNamed http-server@0.9.0
54 verbose addNamed "0.9.0" is a plain semver version for http-server
55 silly cache afterAdd http-server@0.9.0
56 verbose afterAdd /home/marcos/.npm/http-server/0.9.0/package/package.json not in flight; writing
57 verbose correctMkdir /home/marcos/.npm correctMkdir not in flight; initializing
58 verbose afterAdd /home/marcos/.npm/http-server/0.9.0/package/package.json written
59 silly fetchNamedPackageData colors
60 silly mapToRegistry name colors
61 silly mapToRegistry using default registry
62 silly mapToRegistry registry https://registry.npmjs.org/
63 silly mapToRegistry data Result {
63 silly mapToRegistry   raw: 'colors',
63 silly mapToRegistry   scope: null,
63 silly mapToRegistry   name: 'colors',
63 silly mapToRegistry   rawSpec: '',
63 silly mapToRegistry   spec: 'latest',
63 silly mapToRegistry   type: 'tag' }
64 silly mapToRegistry uri https://registry.npmjs.org/colors
65 silly fetchNamedPackageData corser
66 silly mapToRegistry name corser
67 silly mapToRegistry using default registry
68 silly mapToRegistry registry https://registry.npmjs.org/
69 silly mapToRegistry data Result {
69 silly mapToRegistry   raw: 'corser',
69 silly mapToRegistry   scope: null,
69 silly mapToRegistry   name: 'corser',
69 silly mapToRegistry   rawSpec: '',
69 silly mapToRegistry   spec: 'latest',
69 silly mapToRegistry   type: 'tag' }
70 silly mapToRegistry uri https://registry.npmjs.org/corser
71 silly fetchNamedPackageData ecstatic
72 silly mapToRegistry name ecstatic
73 silly mapToRegistry using default registry
74 silly mapToRegistry registry https://registry.npmjs.org/
75 silly mapToRegistry data Result {
75 silly mapToRegistry   raw: 'ecstatic',
75 silly mapToRegistry   scope: null,
75 silly mapToRegistry   name: 'ecstatic',
75 silly mapToRegistry   rawSpec: '',
75 silly mapToRegistry   spec: 'latest',
75 silly mapToRegistry   type: 'tag' }
76 silly mapToRegistry uri https://registry.npmjs.org/ecstatic
77 silly fetchNamedPackageData http-proxy
78 silly mapToRegistry name http-proxy
79 silly mapToRegistry using default registry
80 silly mapToRegistry registry https://registry.npmjs.org/
81 silly mapToRegistry data Result {
81 silly mapToRegistry   raw: 'http-proxy',
81 silly mapToRegistry   scope: null,
81 silly mapToRegistry   name: 'http-proxy',
81 silly mapToRegistry   rawSpec: '',
81 silly mapToRegistry   spec: 'latest',
81 silly mapToRegistry   type: 'tag' }
82 silly mapToRegistry uri https://registry.npmjs.org/http-proxy
83 silly fetchNamedPackageData opener
84 silly mapToRegistry name opener
85 silly mapToRegistry using default registry
86 silly mapToRegistry registry https://registry.npmjs.org/
87 silly mapToRegistry data Result {
87 silly mapToRegistry   raw: 'opener',
87 silly mapToRegistry   scope: null,
87 silly mapToRegistry   name: 'opener',
87 silly mapToRegistry   rawSpec: '',
87 silly mapToRegistry   spec: 'latest',
87 silly mapToRegistry   type: 'tag' }
88 silly mapToRegistry uri https://registry.npmjs.org/opener
89 silly fetchNamedPackageData optimist
90 silly mapToRegistry name optimist
91 silly mapToRegistry using default registry
92 silly mapToRegistry registry https://registry.npmjs.org/
93 silly mapToRegistry data Result {
93 silly mapToRegistry   raw: 'optimist',
93 silly mapToRegistry   scope: null,
93 silly mapToRegistry   name: 'optimist',
93 silly mapToRegistry   rawSpec: '',
93 silly mapToRegistry   spec: 'latest',
93 silly mapToRegistry   type: 'tag' }
94 silly mapToRegistry uri https://registry.npmjs.org/optimist
95 silly fetchNamedPackageData portfinder
96 silly mapToRegistry name portfinder
97 silly mapToRegistry using default registry
98 silly mapToRegistry registry https://registry.npmjs.org/
99 silly mapToRegistry data Result {
99 silly mapToRegistry   raw: 'portfinder',
99 silly mapToRegistry   scope: null,
99 silly mapToRegistry   name: 'portfinder',
99 silly mapToRegistry   rawSpec: '',
99 silly mapToRegistry   spec: 'latest',
99 silly mapToRegistry   type: 'tag' }
100 silly mapToRegistry uri https://registry.npmjs.org/portfinder
101 silly fetchNamedPackageData union
102 silly mapToRegistry name union
103 silly mapToRegistry using default registry
104 silly mapToRegistry registry https://registry.npmjs.org/
105 silly mapToRegistry data Result {
105 silly mapToRegistry   raw: 'union',
105 silly mapToRegistry   scope: null,
105 silly mapToRegistry   name: 'union',
105 silly mapToRegistry   rawSpec: '',
105 silly mapToRegistry   spec: 'latest',
105 silly mapToRegistry   type: 'tag' }
106 silly mapToRegistry uri https://registry.npmjs.org/union
107 verbose get https://registry.npmjs.org/corser not expired, no request
108 silly resolveWithNewModule corser@2.0.0 checking installable status
109 silly cache add args [ 'corser@~2.0.0', null ]
110 verbose cache add spec corser@~2.0.0
111 silly cache add parsed spec Result {
111 silly cache add   raw: 'corser@~2.0.0',
111 silly cache add   scope: null,
111 silly cache add   name: 'corser',
111 silly cache add   rawSpec: '~2.0.0',
111 silly cache add   spec: '>=2.0.0 <2.1.0',
111 silly cache add   type: 'range' }
112 silly addNamed corser@>=2.0.0 <2.1.0
113 verbose addNamed ">=2.0.0 <2.1.0" is a valid semver range for corser
114 silly addNameRange { name: 'corser', range: '>=2.0.0 <2.1.0', hasData: false }
115 silly mapToRegistry name corser
116 silly mapToRegistry using default registry
117 silly mapToRegistry registry https://registry.npmjs.org/
118 silly mapToRegistry data Result {
118 silly mapToRegistry   raw: 'corser',
118 silly mapToRegistry   scope: null,
118 silly mapToRegistry   name: 'corser',
118 silly mapToRegistry   rawSpec: '',
118 silly mapToRegistry   spec: 'latest',
118 silly mapToRegistry   type: 'tag' }
119 silly mapToRegistry uri https://registry.npmjs.org/corser
120 verbose addNameRange registry:https://registry.npmjs.org/corser not in flight; fetching
121 verbose get https://registry.npmjs.org/colors not expired, no request
122 silly resolveWithNewModule colors@1.0.3 checking installable status
123 silly cache add args [ 'colors@1.0.3', null ]
124 verbose cache add spec colors@1.0.3
125 silly cache add parsed spec Result {
125 silly cache add   raw: 'colors@1.0.3',
125 silly cache add   scope: null,
125 silly cache add   name: 'colors',
125 silly cache add   rawSpec: '1.0.3',
125 silly cache add   spec: '1.0.3',
125 silly cache add   type: 'version' }
126 silly addNamed colors@1.0.3
127 verbose addNamed "1.0.3" is a plain semver version for colors
128 silly mapToRegistry name colors
129 silly mapToRegistry using default registry
130 silly mapToRegistry registry https://registry.npmjs.org/
131 silly mapToRegistry data Result {
131 silly mapToRegistry   raw: 'colors',
131 silly mapToRegistry   scope: null,
131 silly mapToRegistry   name: 'colors',
131 silly mapToRegistry   rawSpec: '',
131 silly mapToRegistry   spec: 'latest',
131 silly mapToRegistry   type: 'tag' }
132 silly mapToRegistry uri https://registry.npmjs.org/colors
133 verbose addNameVersion registry:https://registry.npmjs.org/colors not in flight; fetching
134 verbose get https://registry.npmjs.org/opener not expired, no request
135 silly resolveWithNewModule opener@1.4.1 checking installable status
136 silly cache add args [ 'opener@~1.4.0', null ]
137 verbose cache add spec opener@~1.4.0
138 silly cache add parsed spec Result {
138 silly cache add   raw: 'opener@~1.4.0',
138 silly cache add   scope: null,
138 silly cache add   name: 'opener',
138 silly cache add   rawSpec: '~1.4.0',
138 silly cache add   spec: '>=1.4.0 <1.5.0',
138 silly cache add   type: 'range' }
139 silly addNamed opener@>=1.4.0 <1.5.0
140 verbose addNamed ">=1.4.0 <1.5.0" is a valid semver range for opener
141 silly addNameRange { name: 'opener', range: '>=1.4.0 <1.5.0', hasData: false }
142 silly mapToRegistry name opener
143 silly mapToRegistry using default registry
144 silly mapToRegistry registry https://registry.npmjs.org/
145 silly mapToRegistry data Result {
145 silly mapToRegistry   raw: 'opener',
145 silly mapToRegistry   scope: null,
145 silly mapToRegistry   name: 'opener',
145 silly mapToRegistry   rawSpec: '',
145 silly mapToRegistry   spec: 'latest',
145 silly mapToRegistry   type: 'tag' }
146 silly mapToRegistry uri https://registry.npmjs.org/opener
147 verbose addNameRange registry:https://registry.npmjs.org/opener not in flight; fetching
148 verbose get https://registry.npmjs.org/ecstatic not expired, no request
149 silly resolveWithNewModule ecstatic@1.4.1 checking installable status
150 silly cache add args [ 'ecstatic@^1.4.0', null ]
151 verbose cache add spec ecstatic@^1.4.0
152 silly cache add parsed spec Result {
152 silly cache add   raw: 'ecstatic@^1.4.0',
152 silly cache add   scope: null,
152 silly cache add   name: 'ecstatic',
152 silly cache add   rawSpec: '^1.4.0',
152 silly cache add   spec: '>=1.4.0 <2.0.0',
152 silly cache add   type: 'range' }
153 silly addNamed ecstatic@>=1.4.0 <2.0.0
154 verbose addNamed ">=1.4.0 <2.0.0" is a valid semver range for ecstatic
155 silly addNameRange { name: 'ecstatic', range: '>=1.4.0 <2.0.0', hasData: false }
156 silly mapToRegistry name ecstatic
157 silly mapToRegistry using default registry
158 silly mapToRegistry registry https://registry.npmjs.org/
159 silly mapToRegistry data Result {
159 silly mapToRegistry   raw: 'ecstatic',
159 silly mapToRegistry   scope: null,
159 silly mapToRegistry   name: 'ecstatic',
159 silly mapToRegistry   rawSpec: '',
159 silly mapToRegistry   spec: 'latest',
159 silly mapToRegistry   type: 'tag' }
160 silly mapToRegistry uri https://registry.npmjs.org/ecstatic
161 verbose addNameRange registry:https://registry.npmjs.org/ecstatic not in flight; fetching
162 verbose get https://registry.npmjs.org/optimist not expired, no request
163 silly resolveWithNewModule optimist@0.6.1 checking installable status
164 silly cache add args [ 'optimist@0.6.x', null ]
165 verbose cache add spec optimist@0.6.x
166 silly cache add parsed spec Result {
166 silly cache add   raw: 'optimist@0.6.x',
166 silly cache add   scope: null,
166 silly cache add   name: 'optimist',
166 silly cache add   rawSpec: '0.6.x',
166 silly cache add   spec: '>=0.6.0 <0.7.0',
166 silly cache add   type: 'range' }
167 silly addNamed optimist@>=0.6.0 <0.7.0
168 verbose addNamed ">=0.6.0 <0.7.0" is a valid semver range for optimist
169 silly addNameRange { name: 'optimist', range: '>=0.6.0 <0.7.0', hasData: false }
170 silly mapToRegistry name optimist
171 silly mapToRegistry using default registry
172 silly mapToRegistry registry https://registry.npmjs.org/
173 silly mapToRegistry data Result {
173 silly mapToRegistry   raw: 'optimist',
173 silly mapToRegistry   scope: null,
173 silly mapToRegistry   name: 'optimist',
173 silly mapToRegistry   rawSpec: '',
173 silly mapToRegistry   spec: 'latest',
173 silly mapToRegistry   type: 'tag' }
174 silly mapToRegistry uri https://registry.npmjs.org/optimist
175 verbose addNameRange registry:https://registry.npmjs.org/optimist not in flight; fetching
176 verbose get https://registry.npmjs.org/portfinder not expired, no request
177 silly resolveWithNewModule portfinder@0.4.0 checking installable status
178 silly cache add args [ 'portfinder@0.4.x', null ]
179 verbose cache add spec portfinder@0.4.x
180 silly cache add parsed spec Result {
180 silly cache add   raw: 'portfinder@0.4.x',
180 silly cache add   scope: null,
180 silly cache add   name: 'portfinder',
180 silly cache add   rawSpec: '0.4.x',
180 silly cache add   spec: '>=0.4.0 <0.5.0',
180 silly cache add   type: 'range' }
181 silly addNamed portfinder@>=0.4.0 <0.5.0
182 verbose addNamed ">=0.4.0 <0.5.0" is a valid semver range for portfinder
183 silly addNameRange { name: 'portfinder', range: '>=0.4.0 <0.5.0', hasData: false }
184 silly mapToRegistry name portfinder
185 silly mapToRegistry using default registry
186 silly mapToRegistry registry https://registry.npmjs.org/
187 silly mapToRegistry data Result {
187 silly mapToRegistry   raw: 'portfinder',
187 silly mapToRegistry   scope: null,
187 silly mapToRegistry   name: 'portfinder',
187 silly mapToRegistry   rawSpec: '',
187 silly mapToRegistry   spec: 'latest',
187 silly mapToRegistry   type: 'tag' }
188 silly mapToRegistry uri https://registry.npmjs.org/portfinder
189 verbose addNameRange registry:https://registry.npmjs.org/portfinder not in flight; fetching
190 verbose get https://registry.npmjs.org/union not expired, no request
191 silly resolveWithNewModule union@0.4.4 checking installable status
192 silly cache add args [ 'union@~0.4.3', null ]
193 verbose cache add spec union@~0.4.3
194 silly cache add parsed spec Result {
194 silly cache add   raw: 'union@~0.4.3',
194 silly cache add   scope: null,
194 silly cache add   name: 'union',
194 silly cache add   rawSpec: '~0.4.3',
194 silly cache add   spec: '>=0.4.3 <0.5.0',
194 silly cache add   type: 'range' }
195 silly addNamed union@>=0.4.3 <0.5.0
196 verbose addNamed ">=0.4.3 <0.5.0" is a valid semver range for union
197 silly addNameRange { name: 'union', range: '>=0.4.3 <0.5.0', hasData: false }
198 silly mapToRegistry name union
199 silly mapToRegistry using default registry
200 silly mapToRegistry registry https://registry.npmjs.org/
201 silly mapToRegistry data Result {
201 silly mapToRegistry   raw: 'union',
201 silly mapToRegistry   scope: null,
201 silly mapToRegistry   name: 'union',
201 silly mapToRegistry   rawSpec: '',
201 silly mapToRegistry   spec: 'latest',
201 silly mapToRegistry   type: 'tag' }
202 silly mapToRegistry uri https://registry.npmjs.org/union
203 verbose addNameRange registry:https://registry.npmjs.org/union not in flight; fetching
204 verbose get https://registry.npmjs.org/http-proxy not expired, no request
205 silly resolveWithNewModule http-proxy@1.14.0 checking installable status
206 silly cache add args [ 'http-proxy@^1.8.1', null ]
207 verbose cache add spec http-proxy@^1.8.1
208 silly cache add parsed spec Result {
208 silly cache add   raw: 'http-proxy@^1.8.1',
208 silly cache add   scope: null,
208 silly cache add   name: 'http-proxy',
208 silly cache add   rawSpec: '^1.8.1',
208 silly cache add   spec: '>=1.8.1 <2.0.0',
208 silly cache add   type: 'range' }
209 silly addNamed http-proxy@>=1.8.1 <2.0.0
210 verbose addNamed ">=1.8.1 <2.0.0" is a valid semver range for http-proxy
211 silly addNameRange { name: 'http-proxy', range: '>=1.8.1 <2.0.0', hasData: false }
212 silly mapToRegistry name http-proxy
213 silly mapToRegistry using default registry
214 silly mapToRegistry registry https://registry.npmjs.org/
215 silly mapToRegistry data Result {
215 silly mapToRegistry   raw: 'http-proxy',
215 silly mapToRegistry   scope: null,
215 silly mapToRegistry   name: 'http-proxy',
215 silly mapToRegistry   rawSpec: '',
215 silly mapToRegistry   spec: 'latest',
215 silly mapToRegistry   type: 'tag' }
216 silly mapToRegistry uri https://registry.npmjs.org/http-proxy
217 verbose addNameRange registry:https://registry.npmjs.org/http-proxy not in flight; fetching
218 verbose get https://registry.npmjs.org/corser not expired, no request
219 silly addNameRange number 2 { name: 'corser', range: '>=2.0.0 <2.1.0', hasData: true }
220 silly addNameRange versions [ 'corser',
220 silly addNameRange   [ '0.1.0',
220 silly addNameRange     '0.2.0',
220 silly addNameRange     '1.0.0',
220 silly addNameRange     '1.0.1',
220 silly addNameRange     '1.0.2',
220 silly addNameRange     '1.1.0',
220 silly addNameRange     '1.1.1',
220 silly addNameRange     '1.1.2',
220 silly addNameRange     '1.2.0',
220 silly addNameRange     '2.0.0' ] ]
221 silly addNamed corser@2.0.0
222 verbose addNamed "2.0.0" is a plain semver version for corser
223 verbose get https://registry.npmjs.org/opener not expired, no request
224 silly addNameRange number 2 { name: 'opener', range: '>=1.4.0 <1.5.0', hasData: true }
225 silly addNameRange versions [ 'opener',
225 silly addNameRange   [ '1.0.0', '1.0.1', '1.1.0', '1.2.0', '1.3.0', '1.4.0', '1.4.1' ] ]
226 silly addNamed opener@1.4.1
227 verbose addNamed "1.4.1" is a plain semver version for opener
228 verbose get https://registry.npmjs.org/ecstatic not expired, no request
229 silly addNameRange number 2 { name: 'ecstatic', range: '>=1.4.0 <2.0.0', hasData: true }
230 silly addNameRange versions [ 'ecstatic',
230 silly addNameRange   [ '0.0.0',
230 silly addNameRange     '0.0.1',
230 silly addNameRange     '0.1.0',
230 silly addNameRange     '0.1.1',
230 silly addNameRange     '0.1.1-1',
230 silly addNameRange     '0.1.2',
230 silly addNameRange     '0.1.2-1',
230 silly addNameRange     '0.1.4',
230 silly addNameRange     '0.1.5',
230 silly addNameRange     '0.1.6',
230 silly addNameRange     '0.1.7',
230 silly addNameRange     '0.3.0',
230 silly addNameRange     '0.3.1',
230 silly addNameRange     '0.3.2',
230 silly addNameRange     '0.4.0',
230 silly addNameRange     '0.4.1',
230 silly addNameRange     '0.4.2',
230 silly addNameRange     '0.4.3',
230 silly addNameRange     '0.4.4',
230 silly addNameRange     '0.4.5',
230 silly addNameRange     '0.4.6',
230 silly addNameRange     '0.4.7',
230 silly addNameRange     '0.4.8',
230 silly addNameRange     '0.4.9',
230 silly addNameRange     '0.4.10',
230 silly addNameRange     '0.4.11',
230 silly addNameRange     '0.4.12',
230 silly addNameRange     '0.4.13',
230 silly addNameRange     '0.5.0',
230 silly addNameRange     '0.5.1',
230 silly addNameRange     '0.5.2',
230 silly addNameRange     '0.5.3',
230 silly addNameRange     '0.5.4',
230 silly addNameRange     '0.5.5',
230 silly addNameRange     '0.5.6',
230 silly addNameRange     '0.5.7',
230 silly addNameRange     '0.5.8',
230 silly addNameRange     '0.6.0',
230 silly addNameRange     '0.6.1',
230 silly addNameRange     '0.7.0',
230 silly addNameRange     '0.7.1',
230 silly addNameRange     '0.7.2',
230 silly addNameRange     '0.7.3',
230 silly addNameRange     '0.7.4',
230 silly addNameRange     '0.7.5',
230 silly addNameRange     '0.7.6',
230 silly addNameRange     '0.8.0',
230 silly addNameRange     '1.0.0',
230 silly addNameRange     '1.0.1',
230 silly addNameRange     '1.1.0',
230 silly addNameRange     '1.1.1',
230 silly addNameRange     '1.1.2',
230 silly addNameRange     '1.1.3',
230 silly addNameRange     '1.2.0',
230 silly addNameRange     '1.3.0',
230 silly addNameRange     '1.3.1',
230 silly addNameRange     '1.4.0',
230 silly addNameRange     '1.4.1' ] ]
231 silly addNamed ecstatic@1.4.1
232 verbose addNamed "1.4.1" is a plain semver version for ecstatic
233 verbose get https://registry.npmjs.org/colors not expired, no request
234 verbose get https://registry.npmjs.org/optimist not expired, no request
235 silly addNameRange number 2 { name: 'optimist', range: '>=0.6.0 <0.7.0', hasData: true }
236 silly addNameRange versions [ 'optimist',
236 silly addNameRange   [ '0.0.1',
236 silly addNameRange     '0.0.2',
236 silly addNameRange     '0.0.4',
236 silly addNameRange     '0.0.5',
236 silly addNameRange     '0.0.6',
236 silly addNameRange     '0.0.7',
236 silly addNameRange     '0.1.0',
236 silly addNameRange     '0.1.1',
236 silly addNameRange     '0.1.2',
236 silly addNameRange     '0.1.3',
236 silly addNameRange     '0.1.4',
236 silly addNameRange     '0.1.5',
236 silly addNameRange     '0.1.6',
236 silly addNameRange     '0.1.7',
236 silly addNameRange     '0.1.8',
236 silly addNameRange     '0.1.9',
236 silly addNameRange     '0.0.3',
236 silly addNameRange     '0.2.0',
236 silly addNameRange     '0.2.1',
236 silly addNameRange     '0.2.2',
236 silly addNameRange     '0.2.3',
236 silly addNameRange     '0.2.4',
236 silly addNameRange     '0.2.5',
236 silly addNameRange     '0.2.6',
236 silly addNameRange     '0.2.7',
236 silly addNameRange     '0.2.8',
236 silly addNameRange     '0.3.0',
236 silly addNameRange     '0.3.1',
236 silly addNameRange     '0.3.3',
236 silly addNameRange     '0.3.4',
236 silly addNameRange     '0.3.5',
236 silly addNameRange     '0.3.6',
236 silly addNameRange     '0.3.7',
236 silly addNameRange     '0.4.0',
236 silly addNameRange     '0.5.0',
236 silly addNameRange     '0.5.1',
236 silly addNameRange     '0.5.2',
236 silly addNameRange     '0.6.0',
236 silly addNameRange     '0.6.1' ] ]
237 silly addNamed optimist@0.6.1
238 verbose addNamed "0.6.1" is a plain semver version for optimist
239 verbose get https://registry.npmjs.org/portfinder not expired, no request
240 silly addNameRange number 2 { name: 'portfinder', range: '>=0.4.0 <0.5.0', hasData: true }
241 silly addNameRange versions [ 'portfinder',
241 silly addNameRange   [ '0.1.0',
241 silly addNameRange     '0.2.0',
241 silly addNameRange     '0.2.1',
241 silly addNameRange     '0.3.0',
241 silly addNameRange     '0.4.0',
241 silly addNameRange     '1.0.0',
241 silly addNameRange     '1.0.1',
241 silly addNameRange     '1.0.2',
241 silly addNameRange     '1.0.3' ] ]
242 silly addNamed portfinder@0.4.0
243 verbose addNamed "0.4.0" is a plain semver version for portfinder
244 verbose get https://registry.npmjs.org/union not expired, no request
245 silly addNameRange number 2 { name: 'union', range: '>=0.4.3 <0.5.0', hasData: true }
246 silly addNameRange versions [ 'union',
246 silly addNameRange   [ '0.1.0',
246 silly addNameRange     '0.1.2',
246 silly addNameRange     '0.1.3',
246 silly addNameRange     '0.1.4',
246 silly addNameRange     '0.1.5',
246 silly addNameRange     '0.1.6',
246 silly addNameRange     '0.1.7',
246 silly addNameRange     '0.1.8',
246 silly addNameRange     '0.2.0',
246 silly addNameRange     '0.2.1',
246 silly addNameRange     '0.3.0',
246 silly addNameRange     '0.3.2',
246 silly addNameRange     '0.3.3',
246 silly addNameRange     '0.3.4',
246 silly addNameRange     '0.3.5',
246 silly addNameRange     '0.3.6',
246 silly addNameRange     '0.3.7',
246 silly addNameRange     '0.3.8',
246 silly addNameRange     '0.4.0',
246 silly addNameRange     '0.4.1',
246 silly addNameRange     '0.4.2',
246 silly addNameRange     '0.4.3',
246 silly addNameRange     '0.4.4' ] ]
247 silly addNamed union@0.4.4
248 verbose addNamed "0.4.4" is a plain semver version for union
249 verbose get https://registry.npmjs.org/http-proxy not expired, no request
250 silly addNameRange number 2 { name: 'http-proxy', range: '>=1.8.1 <2.0.0', hasData: true }
251 silly addNameRange versions [ 'http-proxy',
251 silly addNameRange   [ '0.5.9',
251 silly addNameRange     '0.5.10',
251 silly addNameRange     '0.5.11',
251 silly addNameRange     '0.6.0',
251 silly addNameRange     '0.6.1',
251 silly addNameRange     '0.6.2',
251 silly addNameRange     '0.6.4',
251 silly addNameRange     '0.6.5',
251 silly addNameRange     '0.6.6',
251 silly addNameRange     '0.7.0',
251 silly addNameRange     '0.7.2',
251 silly addNameRange     '0.7.3',
251 silly addNameRange     '0.7.4',
251 silly addNameRange     '0.7.5',
251 silly addNameRange     '0.7.6',
251 silly addNameRange     '0.8.0',
251 silly addNameRange     '0.8.1',
251 silly addNameRange     '0.8.2',
251 silly addNameRange     '0.8.3',
251 silly addNameRange     '0.8.4',
251 silly addNameRange     '0.8.5',
251 silly addNameRange     '0.8.6',
251 silly addNameRange     '0.8.7',
251 silly addNameRange     '0.9.0',
251 silly addNameRange     '0.9.1',
251 silly addNameRange     '0.10.0',
251 silly addNameRange     '0.10.1',
251 silly addNameRange     '0.10.2',
251 silly addNameRange     '0.10.3',
251 silly addNameRange     '0.10.4',
251 silly addNameRange     '1.0.0',
251 silly addNameRange     '1.0.1',
251 silly addNameRange     '1.0.2',
251 silly addNameRange     '1.0.3',
251 silly addNameRange     '1.1.0',
251 silly addNameRange     '1.1.1',
251 silly addNameRange     '1.1.2',
251 silly addNameRange     '1.1.3',
251 silly addNameRange     '1.1.4',
251 silly addNameRange     '1.1.5',
251 silly addNameRange     '1.1.6',
251 silly addNameRange     '1.2.0',
251 silly addNameRange     '1.2.1',
251 silly addNameRange     '1.3.0',
251 silly addNameRange     '1.4.0',
251 silly addNameRange     '1.4.1',
251 silly addNameRange     '1.4.2',
251 silly addNameRange     '1.4.3',
251 silly addNameRange     '1.5.0',
251 silly addNameRange     '1.5.1',
251 silly addNameRange     '1.5.2',
251 silly addNameRange     '1.5.3',
251 silly addNameRange     '1.6.0',
251 silly addNameRange     '1.6.1',
251 silly addNameRange     '1.6.2',
251 silly addNameRange     '1.7.0',
251 silly addNameRange     '1.7.1',
251 silly addNameRange     '1.7.2',
251 silly addNameRange     '1.7.3',
251 silly addNameRange     '1.8.0',
251 silly addNameRange     '1.8.1',
251 silly addNameRange     '1.9.0',
251 silly addNameRange     '1.9.1',
251 silly addNameRange     '1.10.0',
251 silly addNameRange     '1.10.1',
251 silly addNameRange     '1.11.0',
251 silly addNameRange     '1.11.1',
251 silly addNameRange     '1.11.2',
251 silly addNameRange     '1.11.3',
251 silly addNameRange     '1.12.0',
251 silly addNameRange     '1.12.1',
251 silly addNameRange     '1.13.0',
251 silly addNameRange     '1.13.1',
251 silly addNameRange     '1.13.2',
251 silly addNameRange     '1.13.3',
251 silly addNameRange     '1.14.0' ] ]
252 silly addNamed http-proxy@1.14.0
253 verbose addNamed "1.14.0" is a plain semver version for http-proxy
254 silly cache afterAdd corser@2.0.0
255 verbose afterAdd /home/marcos/.npm/corser/2.0.0/package/package.json not in flight; writing
256 verbose correctMkdir /home/marcos/.npm correctMkdir not in flight; initializing
257 silly cache afterAdd colors@1.0.3
258 verbose afterAdd /home/marcos/.npm/colors/1.0.3/package/package.json not in flight; writing
259 verbose correctMkdir /home/marcos/.npm correctMkdir not in flight; initializing
260 silly cache afterAdd optimist@0.6.1
261 verbose afterAdd /home/marcos/.npm/optimist/0.6.1/package/package.json not in flight; writing
262 verbose correctMkdir /home/marcos/.npm correctMkdir not in flight; initializing
263 silly cache afterAdd portfinder@0.4.0
264 verbose afterAdd /home/marcos/.npm/portfinder/0.4.0/package/package.json not in flight; writing
265 verbose correctMkdir /home/marcos/.npm correctMkdir not in flight; initializing
266 silly cache afterAdd opener@1.4.1
267 verbose afterAdd /home/marcos/.npm/opener/1.4.1/package/package.json not in flight; writing
268 verbose correctMkdir /home/marcos/.npm correctMkdir not in flight; initializing
269 silly cache afterAdd ecstatic@1.4.1
270 verbose afterAdd /home/marcos/.npm/ecstatic/1.4.1/package/package.json not in flight; writing
271 verbose correctMkdir /home/marcos/.npm correctMkdir not in flight; initializing
272 silly cache afterAdd union@0.4.4
273 verbose afterAdd /home/marcos/.npm/union/0.4.4/package/package.json not in flight; writing
274 verbose correctMkdir /home/marcos/.npm correctMkdir not in flight; initializing
275 silly cache afterAdd http-proxy@1.14.0
276 verbose afterAdd /home/marcos/.npm/http-proxy/1.14.0/package/package.json not in flight; writing
277 verbose correctMkdir /home/marcos/.npm correctMkdir not in flight; initializing
278 verbose afterAdd /home/marcos/.npm/colors/1.0.3/package/package.json written
279 verbose afterAdd /home/marcos/.npm/optimist/0.6.1/package/package.json written
280 verbose afterAdd /home/marcos/.npm/portfinder/0.4.0/package/package.json written
281 verbose afterAdd /home/marcos/.npm/corser/2.0.0/package/package.json written
282 verbose afterAdd /home/marcos/.npm/opener/1.4.1/package/package.json written
283 verbose afterAdd /home/marcos/.npm/ecstatic/1.4.1/package/package.json written
284 verbose afterAdd /home/marcos/.npm/union/0.4.4/package/package.json written
285 verbose afterAdd /home/marcos/.npm/http-proxy/1.14.0/package/package.json written
286 silly fetchNamedPackageData he
287 silly mapToRegistry name he
288 silly mapToRegistry using default registry
289 silly mapToRegistry registry https://registry.npmjs.org/
290 silly mapToRegistry data Result {
290 silly mapToRegistry   raw: 'he',
290 silly mapToRegistry   scope: null,
290 silly mapToRegistry   name: 'he',
290 silly mapToRegistry   rawSpec: '',
290 silly mapToRegistry   spec: 'latest',
290 silly mapToRegistry   type: 'tag' }
291 silly mapToRegistry uri https://registry.npmjs.org/he
292 silly fetchNamedPackageData mime
293 silly mapToRegistry name mime
294 silly mapToRegistry using default registry
295 silly mapToRegistry registry https://registry.npmjs.org/
296 silly mapToRegistry data Result {
296 silly mapToRegistry   raw: 'mime',
296 silly mapToRegistry   scope: null,
296 silly mapToRegistry   name: 'mime',
296 silly mapToRegistry   rawSpec: '',
296 silly mapToRegistry   spec: 'latest',
296 silly mapToRegistry   type: 'tag' }
297 silly mapToRegistry uri https://registry.npmjs.org/mime
298 silly fetchNamedPackageData minimist
299 silly mapToRegistry name minimist
300 silly mapToRegistry using default registry
301 silly mapToRegistry registry https://registry.npmjs.org/
302 silly mapToRegistry data Result {
302 silly mapToRegistry   raw: 'minimist',
302 silly mapToRegistry   scope: null,
302 silly mapToRegistry   name: 'minimist',
302 silly mapToRegistry   rawSpec: '',
302 silly mapToRegistry   spec: 'latest',
302 silly mapToRegistry   type: 'tag' }
303 silly mapToRegistry uri https://registry.npmjs.org/minimist
304 silly fetchNamedPackageData url-join
305 silly mapToRegistry name url-join
306 silly mapToRegistry using default registry
307 silly mapToRegistry registry https://registry.npmjs.org/
308 silly mapToRegistry data Result {
308 silly mapToRegistry   raw: 'url-join',
308 silly mapToRegistry   scope: null,
308 silly mapToRegistry   name: 'url-join',
308 silly mapToRegistry   rawSpec: '',
308 silly mapToRegistry   spec: 'latest',
308 silly mapToRegistry   type: 'tag' }
309 silly mapToRegistry uri https://registry.npmjs.org/url-join
310 verbose get https://registry.npmjs.org/he not expired, no request
311 silly resolveWithNewModule he@0.5.0 checking installable status
312 silly cache add args [ 'he@^0.5.0', null ]
313 verbose cache add spec he@^0.5.0
314 silly cache add parsed spec Result {
314 silly cache add   raw: 'he@^0.5.0',
314 silly cache add   scope: null,
314 silly cache add   name: 'he',
314 silly cache add   rawSpec: '^0.5.0',
314 silly cache add   spec: '>=0.5.0 <0.6.0',
314 silly cache add   type: 'range' }
315 silly addNamed he@>=0.5.0 <0.6.0
316 verbose addNamed ">=0.5.0 <0.6.0" is a valid semver range for he
317 silly addNameRange { name: 'he', range: '>=0.5.0 <0.6.0', hasData: false }
318 silly mapToRegistry name he
319 silly mapToRegistry using default registry
320 silly mapToRegistry registry https://registry.npmjs.org/
321 silly mapToRegistry data Result {
321 silly mapToRegistry   raw: 'he',
321 silly mapToRegistry   scope: null,
321 silly mapToRegistry   name: 'he',
321 silly mapToRegistry   rawSpec: '',
321 silly mapToRegistry   spec: 'latest',
321 silly mapToRegistry   type: 'tag' }
322 silly mapToRegistry uri https://registry.npmjs.org/he
323 verbose addNameRange registry:https://registry.npmjs.org/he not in flight; fetching
324 verbose get https://registry.npmjs.org/minimist not expired, no request
325 silly resolveWithNewModule minimist@1.2.0 checking installable status
326 silly cache add args [ 'minimist@^1.1.0', null ]
327 verbose cache add spec minimist@^1.1.0
328 silly cache add parsed spec Result {
328 silly cache add   raw: 'minimist@^1.1.0',
328 silly cache add   scope: null,
328 silly cache add   name: 'minimist',
328 silly cache add   rawSpec: '^1.1.0',
328 silly cache add   spec: '>=1.1.0 <2.0.0',
328 silly cache add   type: 'range' }
329 silly addNamed minimist@>=1.1.0 <2.0.0
330 verbose addNamed ">=1.1.0 <2.0.0" is a valid semver range for minimist
331 silly addNameRange { name: 'minimist', range: '>=1.1.0 <2.0.0', hasData: false }
332 silly mapToRegistry name minimist
333 silly mapToRegistry using default registry
334 silly mapToRegistry registry https://registry.npmjs.org/
335 silly mapToRegistry data Result {
335 silly mapToRegistry   raw: 'minimist',
335 silly mapToRegistry   scope: null,
335 silly mapToRegistry   name: 'minimist',
335 silly mapToRegistry   rawSpec: '',
335 silly mapToRegistry   spec: 'latest',
335 silly mapToRegistry   type: 'tag' }
336 silly mapToRegistry uri https://registry.npmjs.org/minimist
337 verbose addNameRange registry:https://registry.npmjs.org/minimist not in flight; fetching
338 verbose get https://registry.npmjs.org/url-join not expired, no request
339 silly resolveWithNewModule url-join@1.1.0 checking installable status
340 silly cache add args [ 'url-join@^1.0.0', null ]
341 verbose cache add spec url-join@^1.0.0
342 silly cache add parsed spec Result {
342 silly cache add   raw: 'url-join@^1.0.0',
342 silly cache add   scope: null,
342 silly cache add   name: 'url-join',
342 silly cache add   rawSpec: '^1.0.0',
342 silly cache add   spec: '>=1.0.0 <2.0.0',
342 silly cache add   type: 'range' }
343 silly addNamed url-join@>=1.0.0 <2.0.0
344 verbose addNamed ">=1.0.0 <2.0.0" is a valid semver range for url-join
345 silly addNameRange { name: 'url-join', range: '>=1.0.0 <2.0.0', hasData: false }
346 silly mapToRegistry name url-join
347 silly mapToRegistry using default registry
348 silly mapToRegistry registry https://registry.npmjs.org/
349 silly mapToRegistry data Result {
349 silly mapToRegistry   raw: 'url-join',
349 silly mapToRegistry   scope: null,
349 silly mapToRegistry   name: 'url-join',
349 silly mapToRegistry   rawSpec: '',
349 silly mapToRegistry   spec: 'latest',
349 silly mapToRegistry   type: 'tag' }
350 silly mapToRegistry uri https://registry.npmjs.org/url-join
351 verbose addNameRange registry:https://registry.npmjs.org/url-join not in flight; fetching
352 verbose get https://registry.npmjs.org/mime not expired, no request
353 silly resolveWithNewModule mime@1.3.4 checking installable status
354 silly cache add args [ 'mime@^1.2.11', null ]
355 verbose cache add spec mime@^1.2.11
356 silly cache add parsed spec Result {
356 silly cache add   raw: 'mime@^1.2.11',
356 silly cache add   scope: null,
356 silly cache add   name: 'mime',
356 silly cache add   rawSpec: '^1.2.11',
356 silly cache add   spec: '>=1.2.11 <2.0.0',
356 silly cache add   type: 'range' }
357 silly addNamed mime@>=1.2.11 <2.0.0
358 verbose addNamed ">=1.2.11 <2.0.0" is a valid semver range for mime
359 silly addNameRange { name: 'mime', range: '>=1.2.11 <2.0.0', hasData: false }
360 silly mapToRegistry name mime
361 silly mapToRegistry using default registry
362 silly mapToRegistry registry https://registry.npmjs.org/
363 silly mapToRegistry data Result {
363 silly mapToRegistry   raw: 'mime',
363 silly mapToRegistry   scope: null,
363 silly mapToRegistry   name: 'mime',
363 silly mapToRegistry   rawSpec: '',
363 silly mapToRegistry   spec: 'latest',
363 silly mapToRegistry   type: 'tag' }
364 silly mapToRegistry uri https://registry.npmjs.org/mime
365 verbose addNameRange registry:https://registry.npmjs.org/mime not in flight; fetching
366 verbose get https://registry.npmjs.org/he not expired, no request
367 silly addNameRange number 2 { name: 'he', range: '>=0.5.0 <0.6.0', hasData: true }
368 silly addNameRange versions [ 'he',
368 silly addNameRange   [ '0.1.0',
368 silly addNameRange     '0.1.1',
368 silly addNameRange     '0.1.2',
368 silly addNameRange     '0.1.3',
368 silly addNameRange     '0.1.4',
368 silly addNameRange     '0.1.5',
368 silly addNameRange     '0.1.6',
368 silly addNameRange     '0.1.7',
368 silly addNameRange     '0.1.8',
368 silly addNameRange     '0.1.9',
368 silly addNameRange     '0.1.10',
368 silly addNameRange     '0.2.0',
368 silly addNameRange     '0.2.1',
368 silly addNameRange     '0.3.0',
368 silly addNameRange     '0.3.1',
368 silly addNameRange     '0.3.2',
368 silly addNameRange     '0.3.3',
368 silly addNameRange     '0.3.4',
368 silly addNameRange     '0.3.5',
368 silly addNameRange     '0.3.6',
368 silly addNameRange     '0.4.0',
368 silly addNameRange     '0.4.1',
368 silly addNameRange     '0.5.0',
368 silly addNameRange     '1.0.0',
368 silly addNameRange     '1.1.0' ] ]
369 silly addNamed he@0.5.0
370 verbose addNamed "0.5.0" is a plain semver version for he
371 verbose get https://registry.npmjs.org/url-join not expired, no request
372 silly addNameRange number 2 { name: 'url-join', range: '>=1.0.0 <2.0.0', hasData: true }
373 silly addNameRange versions [ 'url-join', [ '0.0.1', '1.0.0', '1.1.0' ] ]
374 silly addNamed url-join@1.1.0
375 verbose addNamed "1.1.0" is a plain semver version for url-join
376 verbose get https://registry.npmjs.org/minimist not expired, no request
377 silly addNameRange number 2 { name: 'minimist', range: '>=1.1.0 <2.0.0', hasData: true }
378 silly addNameRange versions [ 'minimist',
378 silly addNameRange   [ '0.0.0',
378 silly addNameRange     '0.0.1',
378 silly addNameRange     '0.0.2',
378 silly addNameRange     '0.0.3',
378 silly addNameRange     '0.0.4',
378 silly addNameRange     '0.0.5',
378 silly addNameRange     '0.0.6',
378 silly addNameRange     '0.0.7',
378 silly addNameRange     '0.0.8',
378 silly addNameRange     '0.0.9',
378 silly addNameRange     '0.0.10',
378 silly addNameRange     '0.1.0',
378 silly addNameRange     '0.2.0',
378 silly addNameRange     '1.0.0',
378 silly addNameRange     '1.1.0',
378 silly addNameRange     '1.1.1',
378 silly addNameRange     '1.1.2',
378 silly addNameRange     '1.1.3',
378 silly addNameRange     '1.2.0' ] ]
379 silly addNamed minimist@1.2.0
380 verbose addNamed "1.2.0" is a plain semver version for minimist
381 verbose get https://registry.npmjs.org/mime not expired, no request
382 silly addNameRange number 2 { name: 'mime', range: '>=1.2.11 <2.0.0', hasData: true }
383 silly addNameRange versions [ 'mime',
383 silly addNameRange   [ '1.0.0',
383 silly addNameRange     '1.1.0',
383 silly addNameRange     '1.2.1',
383 silly addNameRange     '1.2.2',
383 silly addNameRange     '1.2.3',
383 silly addNameRange     '1.2.4',
383 silly addNameRange     '1.2.5',
383 silly addNameRange     '1.2.6',
383 silly addNameRange     '1.2.7',
383 silly addNameRange     '1.2.8',
383 silly addNameRange     '1.2.9',
383 silly addNameRange     '1.2.10',
383 silly addNameRange     '1.2.11',
383 silly addNameRange     '1.3.0',
383 silly addNameRange     '1.3.2',
383 silly addNameRange     '1.3.3',
383 silly addNameRange     '1.3.4' ] ]
384 silly addNamed mime@1.3.4
385 verbose addNamed "1.3.4" is a plain semver version for mime
386 silly cache afterAdd url-join@1.1.0
387 verbose afterAdd /home/marcos/.npm/url-join/1.1.0/package/package.json not in flight; writing
388 verbose correctMkdir /home/marcos/.npm correctMkdir not in flight; initializing
389 silly cache afterAdd he@0.5.0
390 verbose afterAdd /home/marcos/.npm/he/0.5.0/package/package.json not in flight; writing
391 verbose correctMkdir /home/marcos/.npm correctMkdir not in flight; initializing
392 silly cache afterAdd minimist@1.2.0
393 verbose afterAdd /home/marcos/.npm/minimist/1.2.0/package/package.json not in flight; writing
394 verbose correctMkdir /home/marcos/.npm correctMkdir not in flight; initializing
395 silly cache afterAdd mime@1.3.4
396 verbose afterAdd /home/marcos/.npm/mime/1.3.4/package/package.json not in flight; writing
397 verbose correctMkdir /home/marcos/.npm correctMkdir not in flight; initializing
398 verbose afterAdd /home/marcos/.npm/he/0.5.0/package/package.json written
399 verbose afterAdd /home/marcos/.npm/minimist/1.2.0/package/package.json written
400 verbose afterAdd /home/marcos/.npm/mime/1.3.4/package/package.json written
401 verbose afterAdd /home/marcos/.npm/url-join/1.1.0/package/package.json written
402 silly fetchNamedPackageData eventemitter3
403 silly mapToRegistry name eventemitter3
404 silly mapToRegistry using default registry
405 silly mapToRegistry registry https://registry.npmjs.org/
406 silly mapToRegistry data Result {
406 silly mapToRegistry   raw: 'eventemitter3',
406 silly mapToRegistry   scope: null,
406 silly mapToRegistry   name: 'eventemitter3',
406 silly mapToRegistry   rawSpec: '',
406 silly mapToRegistry   spec: 'latest',
406 silly mapToRegistry   type: 'tag' }
407 silly mapToRegistry uri https://registry.npmjs.org/eventemitter3
408 silly fetchNamedPackageData requires-port
409 silly mapToRegistry name requires-port
410 silly mapToRegistry using default registry
411 silly mapToRegistry registry https://registry.npmjs.org/
412 silly mapToRegistry data Result {
412 silly mapToRegistry   raw: 'requires-port',
412 silly mapToRegistry   scope: null,
412 silly mapToRegistry   name: 'requires-port',
412 silly mapToRegistry   rawSpec: '',
412 silly mapToRegistry   spec: 'latest',
412 silly mapToRegistry   type: 'tag' }
413 silly mapToRegistry uri https://registry.npmjs.org/requires-port
414 verbose get https://registry.npmjs.org/eventemitter3 not expired, no request
415 silly resolveWithNewModule eventemitter3@1.2.0 checking installable status
416 silly cache add args [ 'eventemitter3@1.x.x', null ]
417 verbose cache add spec eventemitter3@1.x.x
418 silly cache add parsed spec Result {
418 silly cache add   raw: 'eventemitter3@1.x.x',
418 silly cache add   scope: null,
418 silly cache add   name: 'eventemitter3',
418 silly cache add   rawSpec: '1.x.x',
418 silly cache add   spec: '>=1.0.0 <2.0.0',
418 silly cache add   type: 'range' }
419 silly addNamed eventemitter3@>=1.0.0 <2.0.0
420 verbose addNamed ">=1.0.0 <2.0.0" is a valid semver range for eventemitter3
421 silly addNameRange { name: 'eventemitter3',
421 silly addNameRange   range: '>=1.0.0 <2.0.0',
421 silly addNameRange   hasData: false }
422 silly mapToRegistry name eventemitter3
423 silly mapToRegistry using default registry
424 silly mapToRegistry registry https://registry.npmjs.org/
425 silly mapToRegistry data Result {
425 silly mapToRegistry   raw: 'eventemitter3',
425 silly mapToRegistry   scope: null,
425 silly mapToRegistry   name: 'eventemitter3',
425 silly mapToRegistry   rawSpec: '',
425 silly mapToRegistry   spec: 'latest',
425 silly mapToRegistry   type: 'tag' }
426 silly mapToRegistry uri https://registry.npmjs.org/eventemitter3
427 verbose addNameRange registry:https://registry.npmjs.org/eventemitter3 not in flight; fetching
428 verbose get https://registry.npmjs.org/requires-port not expired, no request
429 silly resolveWithNewModule requires-port@1.0.0 checking installable status
430 silly cache add args [ 'requires-port@1.x.x', null ]
431 verbose cache add spec requires-port@1.x.x
432 silly cache add parsed spec Result {
432 silly cache add   raw: 'requires-port@1.x.x',
432 silly cache add   scope: null,
432 silly cache add   name: 'requires-port',
432 silly cache add   rawSpec: '1.x.x',
432 silly cache add   spec: '>=1.0.0 <2.0.0',
432 silly cache add   type: 'range' }
433 silly addNamed requires-port@>=1.0.0 <2.0.0
434 verbose addNamed ">=1.0.0 <2.0.0" is a valid semver range for requires-port
435 silly addNameRange { name: 'requires-port',
435 silly addNameRange   range: '>=1.0.0 <2.0.0',
435 silly addNameRange   hasData: false }
436 silly mapToRegistry name requires-port
437 silly mapToRegistry using default registry
438 silly mapToRegistry registry https://registry.npmjs.org/
439 silly mapToRegistry data Result {
439 silly mapToRegistry   raw: 'requires-port',
439 silly mapToRegistry   scope: null,
439 silly mapToRegistry   name: 'requires-port',
439 silly mapToRegistry   rawSpec: '',
439 silly mapToRegistry   spec: 'latest',
439 silly mapToRegistry   type: 'tag' }
440 silly mapToRegistry uri https://registry.npmjs.org/requires-port
441 verbose addNameRange registry:https://registry.npmjs.org/requires-port not in flight; fetching
442 verbose get https://registry.npmjs.org/eventemitter3 not expired, no request
443 silly addNameRange number 2 { name: 'eventemitter3', range: '>=1.0.0 <2.0.0', hasData: true }
444 silly addNameRange versions [ 'eventemitter3',
444 silly addNameRange   [ '0.0.0',
444 silly addNameRange     '0.0.1',
444 silly addNameRange     '0.1.0',
444 silly addNameRange     '0.1.1',
444 silly addNameRange     '0.1.2',
444 silly addNameRange     '0.1.3',
444 silly addNameRange     '0.1.4',
444 silly addNameRange     '0.1.5',
444 silly addNameRange     '0.1.6',
444 silly addNameRange     '1.0.0',
444 silly addNameRange     '1.0.1',
444 silly addNameRange     '1.0.2',
444 silly addNameRange     '1.0.3',
444 silly addNameRange     '1.1.0',
444 silly addNameRange     '1.1.1',
444 silly addNameRange     '1.2.0' ] ]
445 silly addNamed eventemitter3@1.2.0
446 verbose addNamed "1.2.0" is a plain semver version for eventemitter3
447 verbose get https://registry.npmjs.org/requires-port not expired, no request
448 silly addNameRange number 2 { name: 'requires-port', range: '>=1.0.0 <2.0.0', hasData: true }
449 silly addNameRange versions [ 'requires-port', [ '0.0.0', '0.0.1', '1.0.0' ] ]
450 silly addNamed requires-port@1.0.0
451 verbose addNamed "1.0.0" is a plain semver version for requires-port
452 silly cache afterAdd eventemitter3@1.2.0
453 verbose afterAdd /home/marcos/.npm/eventemitter3/1.2.0/package/package.json not in flight; writing
454 verbose correctMkdir /home/marcos/.npm correctMkdir not in flight; initializing
455 silly cache afterAdd requires-port@1.0.0
456 verbose afterAdd /home/marcos/.npm/requires-port/1.0.0/package/package.json not in flight; writing
457 verbose correctMkdir /home/marcos/.npm correctMkdir not in flight; initializing
458 verbose afterAdd /home/marcos/.npm/eventemitter3/1.2.0/package/package.json written
459 verbose afterAdd /home/marcos/.npm/requires-port/1.0.0/package/package.json written
460 silly fetchNamedPackageData wordwrap
461 silly mapToRegistry name wordwrap
462 silly mapToRegistry using default registry
463 silly mapToRegistry registry https://registry.npmjs.org/
464 silly mapToRegistry data Result {
464 silly mapToRegistry   raw: 'wordwrap',
464 silly mapToRegistry   scope: null,
464 silly mapToRegistry   name: 'wordwrap',
464 silly mapToRegistry   rawSpec: '',
464 silly mapToRegistry   spec: 'latest',
464 silly mapToRegistry   type: 'tag' }
465 silly mapToRegistry uri https://registry.npmjs.org/wordwrap
466 silly fetchNamedPackageData minimist
467 silly mapToRegistry name minimist
468 silly mapToRegistry using default registry
469 silly mapToRegistry registry https://registry.npmjs.org/
470 silly mapToRegistry data Result {
470 silly mapToRegistry   raw: 'minimist',
470 silly mapToRegistry   scope: null,
470 silly mapToRegistry   name: 'minimist',
470 silly mapToRegistry   rawSpec: '',
470 silly mapToRegistry   spec: 'latest',
470 silly mapToRegistry   type: 'tag' }
471 silly mapToRegistry uri https://registry.npmjs.org/minimist
472 silly resolveWithNewModule minimist@0.0.10 checking installable status
473 silly cache add args [ 'minimist@~0.0.1', null ]
474 verbose cache add spec minimist@~0.0.1
475 silly cache add parsed spec Result {
475 silly cache add   raw: 'minimist@~0.0.1',
475 silly cache add   scope: null,
475 silly cache add   name: 'minimist',
475 silly cache add   rawSpec: '~0.0.1',
475 silly cache add   spec: '>=0.0.1 <0.1.0',
475 silly cache add   type: 'range' }
476 silly addNamed minimist@>=0.0.1 <0.1.0
477 verbose addNamed ">=0.0.1 <0.1.0" is a valid semver range for minimist
478 silly addNameRange { name: 'minimist', range: '>=0.0.1 <0.1.0', hasData: false }
479 silly mapToRegistry name minimist
480 silly mapToRegistry using default registry
481 silly mapToRegistry registry https://registry.npmjs.org/
482 silly mapToRegistry data Result {
482 silly mapToRegistry   raw: 'minimist',
482 silly mapToRegistry   scope: null,
482 silly mapToRegistry   name: 'minimist',
482 silly mapToRegistry   rawSpec: '',
482 silly mapToRegistry   spec: 'latest',
482 silly mapToRegistry   type: 'tag' }
483 silly mapToRegistry uri https://registry.npmjs.org/minimist
484 verbose addNameRange registry:https://registry.npmjs.org/minimist not in flight; fetching
485 verbose get https://registry.npmjs.org/minimist not expired, no request
486 silly addNameRange number 2 { name: 'minimist', range: '>=0.0.1 <0.1.0', hasData: true }
487 silly addNameRange versions [ 'minimist',
487 silly addNameRange   [ '0.0.0',
487 silly addNameRange     '0.0.1',
487 silly addNameRange     '0.0.2',
487 silly addNameRange     '0.0.3',
487 silly addNameRange     '0.0.4',
487 silly addNameRange     '0.0.5',
487 silly addNameRange     '0.0.6',
487 silly addNameRange     '0.0.7',
487 silly addNameRange     '0.0.8',
487 silly addNameRange     '0.0.9',
487 silly addNameRange     '0.0.10',
487 silly addNameRange     '0.1.0',
487 silly addNameRange     '0.2.0',
487 silly addNameRange     '1.0.0',
487 silly addNameRange     '1.1.0',
487 silly addNameRange     '1.1.1',
487 silly addNameRange     '1.1.2',
487 silly addNameRange     '1.1.3',
487 silly addNameRange     '1.2.0' ] ]
488 silly addNamed minimist@0.0.10
489 verbose addNamed "0.0.10" is a plain semver version for minimist
490 verbose get https://registry.npmjs.org/wordwrap not expired, no request
491 silly resolveWithNewModule wordwrap@0.0.3 checking installable status
492 silly cache add args [ 'wordwrap@~0.0.2', null ]
493 verbose cache add spec wordwrap@~0.0.2
494 silly cache add parsed spec Result {
494 silly cache add   raw: 'wordwrap@~0.0.2',
494 silly cache add   scope: null,
494 silly cache add   name: 'wordwrap',
494 silly cache add   rawSpec: '~0.0.2',
494 silly cache add   spec: '>=0.0.2 <0.1.0',
494 silly cache add   type: 'range' }
495 silly addNamed wordwrap@>=0.0.2 <0.1.0
496 verbose addNamed ">=0.0.2 <0.1.0" is a valid semver range for wordwrap
497 silly addNameRange { name: 'wordwrap', range: '>=0.0.2 <0.1.0', hasData: false }
498 silly mapToRegistry name wordwrap
499 silly mapToRegistry using default registry
500 silly mapToRegistry registry https://registry.npmjs.org/
501 silly mapToRegistry data Result {
501 silly mapToRegistry   raw: 'wordwrap',
501 silly mapToRegistry   scope: null,
501 silly mapToRegistry   name: 'wordwrap',
501 silly mapToRegistry   rawSpec: '',
501 silly mapToRegistry   spec: 'latest',
501 silly mapToRegistry   type: 'tag' }
502 silly mapToRegistry uri https://registry.npmjs.org/wordwrap
503 verbose addNameRange registry:https://registry.npmjs.org/wordwrap not in flight; fetching
504 verbose get https://registry.npmjs.org/wordwrap not expired, no request
505 silly addNameRange number 2 { name: 'wordwrap', range: '>=0.0.2 <0.1.0', hasData: true }
506 silly addNameRange versions [ 'wordwrap', [ '0.0.1', '0.0.2', '0.0.3', '1.0.0' ] ]
507 silly addNamed wordwrap@0.0.3
508 verbose addNamed "0.0.3" is a plain semver version for wordwrap
509 silly cache afterAdd minimist@0.0.10
510 verbose afterAdd /home/marcos/.npm/minimist/0.0.10/package/package.json not in flight; writing
511 verbose correctMkdir /home/marcos/.npm correctMkdir not in flight; initializing
512 silly cache afterAdd wordwrap@0.0.3
513 verbose afterAdd /home/marcos/.npm/wordwrap/0.0.3/package/package.json not in flight; writing
514 verbose correctMkdir /home/marcos/.npm correctMkdir not in flight; initializing
515 verbose afterAdd /home/marcos/.npm/minimist/0.0.10/package/package.json written
516 verbose afterAdd /home/marcos/.npm/wordwrap/0.0.3/package/package.json written
517 silly fetchNamedPackageData async
518 silly mapToRegistry name async
519 silly mapToRegistry using default registry
520 silly mapToRegistry registry https://registry.npmjs.org/
521 silly mapToRegistry data Result {
521 silly mapToRegistry   raw: 'async',
521 silly mapToRegistry   scope: null,
521 silly mapToRegistry   name: 'async',
521 silly mapToRegistry   rawSpec: '',
521 silly mapToRegistry   spec: 'latest',
521 silly mapToRegistry   type: 'tag' }
522 silly mapToRegistry uri https://registry.npmjs.org/async
523 silly fetchNamedPackageData mkdirp
524 silly mapToRegistry name mkdirp
525 silly mapToRegistry using default registry
526 silly mapToRegistry registry https://registry.npmjs.org/
527 silly mapToRegistry data Result {
527 silly mapToRegistry   raw: 'mkdirp',
527 silly mapToRegistry   scope: null,
527 silly mapToRegistry   name: 'mkdirp',
527 silly mapToRegistry   rawSpec: '',
527 silly mapToRegistry   spec: 'latest',
527 silly mapToRegistry   type: 'tag' }
528 silly mapToRegistry uri https://registry.npmjs.org/mkdirp
529 verbose get https://registry.npmjs.org/mkdirp not expired, no request
530 silly resolveWithNewModule mkdirp@0.5.1 checking installable status
531 silly cache add args [ 'mkdirp@0.5.x', null ]
532 verbose cache add spec mkdirp@0.5.x
533 silly cache add parsed spec Result {
533 silly cache add   raw: 'mkdirp@0.5.x',
533 silly cache add   scope: null,
533 silly cache add   name: 'mkdirp',
533 silly cache add   rawSpec: '0.5.x',
533 silly cache add   spec: '>=0.5.0 <0.6.0',
533 silly cache add   type: 'range' }
534 silly addNamed mkdirp@>=0.5.0 <0.6.0
535 verbose addNamed ">=0.5.0 <0.6.0" is a valid semver range for mkdirp
536 silly addNameRange { name: 'mkdirp', range: '>=0.5.0 <0.6.0', hasData: false }
537 silly mapToRegistry name mkdirp
538 silly mapToRegistry using default registry
539 silly mapToRegistry registry https://registry.npmjs.org/
540 silly mapToRegistry data Result {
540 silly mapToRegistry   raw: 'mkdirp',
540 silly mapToRegistry   scope: null,
540 silly mapToRegistry   name: 'mkdirp',
540 silly mapToRegistry   rawSpec: '',
540 silly mapToRegistry   spec: 'latest',
540 silly mapToRegistry   type: 'tag' }
541 silly mapToRegistry uri https://registry.npmjs.org/mkdirp
542 verbose addNameRange registry:https://registry.npmjs.org/mkdirp not in flight; fetching
543 verbose get https://registry.npmjs.org/async not expired, no request
544 silly resolveWithNewModule async@0.9.0 checking installable status
545 silly cache add args [ 'async@0.9.0', null ]
546 verbose cache add spec async@0.9.0
547 silly cache add parsed spec Result {
547 silly cache add   raw: 'async@0.9.0',
547 silly cache add   scope: null,
547 silly cache add   name: 'async',
547 silly cache add   rawSpec: '0.9.0',
547 silly cache add   spec: '0.9.0',
547 silly cache add   type: 'version' }
548 silly addNamed async@0.9.0
549 verbose addNamed "0.9.0" is a plain semver version for async
550 silly mapToRegistry name async
551 silly mapToRegistry using default registry
552 silly mapToRegistry registry https://registry.npmjs.org/
553 silly mapToRegistry data Result {
553 silly mapToRegistry   raw: 'async',
553 silly mapToRegistry   scope: null,
553 silly mapToRegistry   name: 'async',
553 silly mapToRegistry   rawSpec: '',
553 silly mapToRegistry   spec: 'latest',
553 silly mapToRegistry   type: 'tag' }
554 silly mapToRegistry uri https://registry.npmjs.org/async
555 verbose addNameVersion registry:https://registry.npmjs.org/async not in flight; fetching
556 verbose get https://registry.npmjs.org/mkdirp not expired, no request
557 silly addNameRange number 2 { name: 'mkdirp', range: '>=0.5.0 <0.6.0', hasData: true }
558 silly addNameRange versions [ 'mkdirp',
558 silly addNameRange   [ '0.0.1',
558 silly addNameRange     '0.0.2',
558 silly addNameRange     '0.0.3',
558 silly addNameRange     '0.0.4',
558 silly addNameRange     '0.0.5',
558 silly addNameRange     '0.0.6',
558 silly addNameRange     '0.0.7',
558 silly addNameRange     '0.1.0',
558 silly addNameRange     '0.2.0',
558 silly addNameRange     '0.2.1',
558 silly addNameRange     '0.2.2',
558 silly addNameRange     '0.3.0',
558 silly addNameRange     '0.3.1',
558 silly addNameRange     '0.3.2',
558 silly addNameRange     '0.3.3',
558 silly addNameRange     '0.3.4',
558 silly addNameRange     '0.3.5',
558 silly addNameRange     '0.4.0',
558 silly addNameRange     '0.4.1',
558 silly addNameRange     '0.4.2',
558 silly addNameRange     '0.5.0',
558 silly addNameRange     '0.5.1' ] ]
559 silly addNamed mkdirp@0.5.1
560 verbose addNamed "0.5.1" is a plain semver version for mkdirp
561 verbose get https://registry.npmjs.org/async not expired, no request
562 silly cache afterAdd mkdirp@0.5.1
563 verbose afterAdd /home/marcos/.npm/mkdirp/0.5.1/package/package.json not in flight; writing
564 verbose correctMkdir /home/marcos/.npm correctMkdir not in flight; initializing
565 silly cache afterAdd async@0.9.0
566 verbose afterAdd /home/marcos/.npm/async/0.9.0/package/package.json not in flight; writing
567 verbose correctMkdir /home/marcos/.npm correctMkdir not in flight; initializing
568 verbose afterAdd /home/marcos/.npm/async/0.9.0/package/package.json written
569 verbose afterAdd /home/marcos/.npm/mkdirp/0.5.1/package/package.json written
570 silly fetchNamedPackageData minimist
571 silly mapToRegistry name minimist
572 silly mapToRegistry using default registry
573 silly mapToRegistry registry https://registry.npmjs.org/
574 silly mapToRegistry data Result {
574 silly mapToRegistry   raw: 'minimist',
574 silly mapToRegistry   scope: null,
574 silly mapToRegistry   name: 'minimist',
574 silly mapToRegistry   rawSpec: '',
574 silly mapToRegistry   spec: 'latest',
574 silly mapToRegistry   type: 'tag' }
575 silly mapToRegistry uri https://registry.npmjs.org/minimist
576 silly resolveWithNewModule minimist@0.0.8 checking installable status
577 silly cache add args [ 'minimist@0.0.8', null ]
578 verbose cache add spec minimist@0.0.8
579 silly cache add parsed spec Result {
579 silly cache add   raw: 'minimist@0.0.8',
579 silly cache add   scope: null,
579 silly cache add   name: 'minimist',
579 silly cache add   rawSpec: '0.0.8',
579 silly cache add   spec: '0.0.8',
579 silly cache add   type: 'version' }
580 silly addNamed minimist@0.0.8
581 verbose addNamed "0.0.8" is a plain semver version for minimist
582 silly mapToRegistry name minimist
583 silly mapToRegistry using default registry
584 silly mapToRegistry registry https://registry.npmjs.org/
585 silly mapToRegistry data Result {
585 silly mapToRegistry   raw: 'minimist',
585 silly mapToRegistry   scope: null,
585 silly mapToRegistry   name: 'minimist',
585 silly mapToRegistry   rawSpec: '',
585 silly mapToRegistry   spec: 'latest',
585 silly mapToRegistry   type: 'tag' }
586 silly mapToRegistry uri https://registry.npmjs.org/minimist
587 verbose addNameVersion registry:https://registry.npmjs.org/minimist not in flight; fetching
588 verbose get https://registry.npmjs.org/minimist not expired, no request
589 silly cache afterAdd minimist@0.0.8
590 verbose afterAdd /home/marcos/.npm/minimist/0.0.8/package/package.json not in flight; writing
591 verbose correctMkdir /home/marcos/.npm correctMkdir not in flight; initializing
592 verbose afterAdd /home/marcos/.npm/minimist/0.0.8/package/package.json written
593 silly fetchNamedPackageData qs
594 silly mapToRegistry name qs
595 silly mapToRegistry using default registry
596 silly mapToRegistry registry https://registry.npmjs.org/
597 silly mapToRegistry data Result {
597 silly mapToRegistry   raw: 'qs',
597 silly mapToRegistry   scope: null,
597 silly mapToRegistry   name: 'qs',
597 silly mapToRegistry   rawSpec: '',
597 silly mapToRegistry   spec: 'latest',
597 silly mapToRegistry   type: 'tag' }
598 silly mapToRegistry uri https://registry.npmjs.org/qs
599 verbose get https://registry.npmjs.org/qs not expired, no request
600 silly resolveWithNewModule qs@2.3.3 checking installable status
601 silly cache add args [ 'qs@~2.3.3', null ]
602 verbose cache add spec qs@~2.3.3
603 silly cache add parsed spec Result {
603 silly cache add   raw: 'qs@~2.3.3',
603 silly cache add   scope: null,
603 silly cache add   name: 'qs',
603 silly cache add   rawSpec: '~2.3.3',
603 silly cache add   spec: '>=2.3.3 <2.4.0',
603 silly cache add   type: 'range' }
604 silly addNamed qs@>=2.3.3 <2.4.0
605 verbose addNamed ">=2.3.3 <2.4.0" is a valid semver range for qs
606 silly addNameRange { name: 'qs', range: '>=2.3.3 <2.4.0', hasData: false }
607 silly mapToRegistry name qs
608 silly mapToRegistry using default registry
609 silly mapToRegistry registry https://registry.npmjs.org/
610 silly mapToRegistry data Result {
610 silly mapToRegistry   raw: 'qs',
610 silly mapToRegistry   scope: null,
610 silly mapToRegistry   name: 'qs',
610 silly mapToRegistry   rawSpec: '',
610 silly mapToRegistry   spec: 'latest',
610 silly mapToRegistry   type: 'tag' }
611 silly mapToRegistry uri https://registry.npmjs.org/qs
612 verbose addNameRange registry:https://registry.npmjs.org/qs not in flight; fetching
613 verbose get https://registry.npmjs.org/qs not expired, no request
614 silly addNameRange number 2 { name: 'qs', range: '>=2.3.3 <2.4.0', hasData: true }
615 silly addNameRange versions [ 'qs',
615 silly addNameRange   [ '0.0.1',
615 silly addNameRange     '0.0.2',
615 silly addNameRange     '0.0.3',
615 silly addNameRange     '0.0.4',
615 silly addNameRange     '0.0.5',
615 silly addNameRange     '0.0.6',
615 silly addNameRange     '0.0.7',
615 silly addNameRange     '0.1.0',
615 silly addNameRange     '0.2.0',
615 silly addNameRange     '0.3.0',
615 silly addNameRange     '0.3.1',
615 silly addNameRange     '0.3.2',
615 silly addNameRange     '0.4.0',
615 silly addNameRange     '0.4.1',
615 silly addNameRange     '0.4.2',
615 silly addNameRange     '0.5.0',
615 silly addNameRange     '0.5.1',
615 silly addNameRange     '0.5.2',
615 silly addNameRange     '0.5.3',
615 silly addNameRange     '0.5.4',
615 silly addNameRange     '0.5.5',
615 silly addNameRange     '0.5.6',
615 silly addNameRange     '0.6.0',
615 silly addNameRange     '0.6.1',
615 silly addNameRange     '0.6.2',
615 silly addNameRange     '0.6.3',
615 silly addNameRange     '0.6.4',
615 silly addNameRange     '0.6.5',
615 silly addNameRange     '0.6.6',
615 silly addNameRange     '1.0.0',
615 silly addNameRange     '1.0.1',
615 silly addNameRange     '1.0.2',
615 silly addNameRange     '1.1.0',
615 silly addNameRange     '1.2.0',
615 silly addNameRange     '1.2.1',
615 silly addNameRange     '1.2.2',
615 silly addNameRange     '2.0.0',
615 silly addNameRange     '2.1.0',
615 silly addNameRange     '2.2.0',
615 silly addNameRange     '2.2.1',
615 silly addNameRange     '2.2.2',
615 silly addNameRange     '2.2.3',
615 silly addNameRange     '2.2.4',
615 silly addNameRange     '2.2.5',
615 silly addNameRange     '2.3.0',
615 silly addNameRange     '2.3.1',
615 silly addNameRange     '2.3.2',
615 silly addNameRange     '2.3.3',
615 silly addNameRange     '2.4.0',
615 silly addNameRange     '2.4.1',
615 silly addNameRange     '2.4.2',
615 silly addNameRange     '3.0.0',
615 silly addNameRange     '3.1.0',
615 silly addNameRange     '4.0.0',
615 silly addNameRange     '5.0.0',
615 silly addNameRange     '5.1.0',
615 silly addNameRange     '5.2.0',
615 silly addNameRange     '6.0.0',
615 silly addNameRange     '6.0.1',
615 silly addNameRange     '6.0.2',
615 silly addNameRange     '6.1.0',
615 silly addNameRange     '6.2.0' ] ]
616 silly addNamed qs@2.3.3
617 verbose addNamed "2.3.3" is a plain semver version for qs
618 silly cache afterAdd qs@2.3.3
619 verbose afterAdd /home/marcos/.npm/qs/2.3.3/package/package.json not in flight; writing
620 verbose correctMkdir /home/marcos/.npm correctMkdir not in flight; initializing
621 verbose afterAdd /home/marcos/.npm/qs/2.3.3/package/package.json written
622 silly loadAllDepsIntoIdealTree Finishing
623 silly idealTree:prePrune lib
623 silly idealTree:prePrune  http-server@0.9.0
623 silly idealTree:prePrune    async@0.9.0
623 silly idealTree:prePrune    colors@1.0.3
623 silly idealTree:prePrune    corser@2.0.0
623 silly idealTree:prePrune    ecstatic@1.4.1
623 silly idealTree:prePrune    eventemitter3@1.2.0
623 silly idealTree:prePrune    he@0.5.0
623 silly idealTree:prePrune    http-proxy@1.14.0
623 silly idealTree:prePrune    mime@1.3.4
623 silly idealTree:prePrune    minimist@1.2.0
623 silly idealTree:prePrune    mkdirp@0.5.1
623 silly idealTree:prePrune     minimist@0.0.8
623 silly idealTree:prePrune    opener@1.4.1
623 silly idealTree:prePrune    optimist@0.6.1
623 silly idealTree:prePrune     minimist@0.0.10
623 silly idealTree:prePrune    portfinder@0.4.0
623 silly idealTree:prePrune    qs@2.3.3
623 silly idealTree:prePrune    requires-port@1.0.0
623 silly idealTree:prePrune    union@0.4.4
623 silly idealTree:prePrune    url-join@1.1.0
623 silly idealTree:prePrune    wordwrap@0.0.3
624 silly loadIdealTree Finishing
625 silly currentTree lib
626 silly idealTree lib
626 silly idealTree  http-server@0.9.0
626 silly idealTree    async@0.9.0
626 silly idealTree    colors@1.0.3
626 silly idealTree    corser@2.0.0
626 silly idealTree    ecstatic@1.4.1
626 silly idealTree    eventemitter3@1.2.0
626 silly idealTree    he@0.5.0
626 silly idealTree    http-proxy@1.14.0
626 silly idealTree    mime@1.3.4
626 silly idealTree    minimist@1.2.0
626 silly idealTree    mkdirp@0.5.1
626 silly idealTree     minimist@0.0.8
626 silly idealTree    opener@1.4.1
626 silly idealTree    optimist@0.6.1
626 silly idealTree     minimist@0.0.10
626 silly idealTree    portfinder@0.4.0
626 silly idealTree    qs@2.3.3
626 silly idealTree    requires-port@1.0.0
626 silly idealTree    union@0.4.4
626 silly idealTree    url-join@1.1.0
626 silly idealTree    wordwrap@0.0.3
627 silly generateActionsToTake Starting
628 silly install generateActionsToTake
629 warn checkPermissions Missing write access to /usr/local/lib/node_modules
630 silly rollbackFailedOptional Starting
631 silly rollbackFailedOptional Finishing
632 silly runTopLevelLifecycles Starting
633 silly runTopLevelLifecycles Finishing
634 silly install printInstalled
635 verbose stack Error: EACCES: permission denied, access '/usr/local/lib/node_modules'
635 verbose stack     at Error (native)
636 verbose cwd /home/marcos/Desktop/contact-book-ui
637 error Linux 3.16.0-38-generic
638 error argv "/usr/local/bin/node" "/usr/local/bin/npm" "install" "http-server" "-g"
639 error node v5.10.0
640 error npm  v3.8.3
641 error path /usr/local/lib/node_modules
642 error code EACCES
643 error errno -13
644 error syscall access
645 error Error: EACCES: permission denied, access '/usr/local/lib/node_modules'
645 error     at Error (native)
645 error  { [Error: EACCES: permission denied, access '/usr/local/lib/node_modules']
645 error   errno: -13,
645 error   code: 'EACCES',
645 error   syscall: 'access',
645 error   path: '/usr/local/lib/node_modules' }
646 error Please try running this command again as root/Administrator.
647 verbose exit [ -13, true ]
